2025-01-04T04:05:03+00:00 DEBUG POST: https://business-api.tiktok.com/open_api/v1.2/tbp/business_profile/store/update/

{"business_platform":"WOO_COMMERCE","external_business_id":"tt4b_woocommerce_67727efe17cc0","net_gmv":[{"interval":"LIFETIME","max":0,"min":0,"unit":"CURRENCY"}],"net_order_count":[{"interval":"LIFETIME","max":0,"min":0,"unit":"COUNT"}],"tenure":{"min":0,"max":0,"unit":"DAYS"},"extra_data":"1.3.0"}
 ajax: no
2025-01-04T04:05:03+00:00 DEBUG Tt4b_Mapi_Class::mapi_post: Response: 

HTTP/1.1 200 OK
Content-Type: application/json; charset=utf-8
Content-Length: 103
X-Api-Deprecation-Info: API for Business Version 1.3 is now live. To avoid disruption to your business, we recommend you migrate all calls to v1.3 as soon as possible. Please visit our migration guide for more details: https://ads.tiktok.com/marketing_api/docs?id=1740029169927169
X-Domain-Change-Info: We have moved to the new domain business-api.tiktok.com for API services after the Platform Upgrade on 09/30/2021. Please update all of your requests with the new domain if you haven't done so already. For more information, please visit https://ads.tiktok.com/marketing_api/docs?rid=esb88xalm6m&id=1709207085043713
X-Tt-Logid: 20250104040502FEEE0C809582EA1F2E86
Server-Timing: inner; dur=6
x-tt-trace-host: 018a31801ffd0d6aaf4490b916efe9ead655d24cb51109822ba30cf443ed1559b14cd1dea64fc3d5e62dd06bfa8fd16b85eee254c62b5ba7395569c82b94f567fae8d30fff5018ee522a10f0b2296ed56c5c40467e56ffdc65a900821608507e18
x-tt-trace-id: 00-250104040502FEEE0C809582EA1F2E86-35B6B7122AD5AFA4-00
Server: TLB
Expires: Sat, 04 Jan 2025 04:05:03 GMT
Cache-Control: max-age=0, no-cache, no-store
Pragma: no-cache
Date: Sat, 04 Jan 2025 04:05:03 GMT
X-Cache: TCP_MISS from a23-38-121-173.deploy.akamaitechnologies.com (AkamaiGHost/11.7.2.1-9611f29bef89eba7b18045b10aa2af98) (-)
Connection: close
x-tt-trace-tag: id=16;cdn-cache=miss;type=dyn
Server-Timing: cdn-cache; desc=MISS, edge; dur=11, origin; dur=189
X-Origin-Response-Time: 190,23.38.121.173
X-Akamai-Request-ID: 2960fcb

{"code":40104,"message":"The access_token is empty.","request_id":"20250104040502FEEE0C809582EA1F2E86"}
